===== Real-World SR (SwinIR-M) =====
/home/yupeng/anaconda3/envs/swinir/lib/python3.12/site-packages/timm/models/layers/__init__.py:49: FutureWarning: Importing from timm.models.layers is deprecated, please import via timm.layers
  warnings.warn(f"Importing from {__name__} is deprecated, please import via timm.layers", FutureWarning)
/home/yupeng/anaconda3/envs/swinir/lib/python3.12/site-packages/torch/functional.py:505: UserWarning: torch.meshgrid: in an upcoming release, it will be required to pass the indexing argument. (Triggered internally at /pytorch/aten/src/ATen/native/TensorShape.cpp:4317.)
  return _VF.meshgrid(tensors, **kwargs)  # type: ignore[attr-defined]
/home/yupeng/anaconda3/envs/swinir/lib/python3.12/site-packages/torchao/quantization/quant_api.py:1356: UserWarning: Config Deprecation: version 1 of Int8WeightOnlyConfig is deprecated and will no longer be supported in a future release, please use version 2, see https://github.com/pytorch/ao/issues/2752 for more details
  warnings.warn(

============================================================
  SwinIR PTQ  |  task=real_sr  |  INT8 weight-only
============================================================
Loading FP32 model from model_zoo/swinir/003_realSR_BSRGAN_DFO_s64w8_SwinIR-M_x4_GAN.pth
FP32 model: 144 nn.Linear layers to be quantized
FP32 size : 64.0 MB
  e.g. layers.0.residual_group.blocks.0.attn.qkv
       layers.0.residual_group.blocks.0.attn.proj
       layers.0.residual_group.blocks.0.mlp.fc1
       layers.0.residual_group.blocks.0.mlp.fc2
       layers.0.residual_group.blocks.1.attn.qkv
       layers.0.residual_group.blocks.1.attn.proj

--- FP32 Baseline on testsets/RealSRSet+5images ---
[FP32]   0 00003               
[FP32]   1 0014                
[FP32]   2 0030                
[FP32]   3 ADE_val_00000114    
[FP32]   4 Lincoln             
[FP32]   5 OST_009             
[FP32]   6 building            
[FP32]   7 butterfly           
[FP32]   8 butterfly2          
[FP32]   9 chip                
[FP32]  10 comic1              
[FP32]  11 comic2              
[FP32]  12 comic3              
[FP32]  13 computer            
[FP32]  14 dog                 
[FP32]  15 dped_crop00061      
[FP32]  16 foreman             
[FP32]  17 frog                
[FP32]  18 oldphoto2           
[FP32]  19 oldphoto3           
[FP32]  20 oldphoto6           
[FP32]  21 painting            
[FP32]  22 pattern             
[FP32]  23 ppt3                
[FP32]  24 tiger               
[FP32] Avg  Runtime: 0.229 s/image

--- Applying INT8 PTQ ---
[torchao] INT8 weight-only: 144/144 nn.Linear quantized

Model size:  FP32 64.0 MB  →  INT8 37.9 MB  (1.69x reduction)
[FP32] Memory: 64.01 MB
[INT8] Memory: 37.93 MB

--- INT8 evaluation on testsets/RealSRSet+5images (cuda) ---
[INT8]   0 00003               
[INT8]   1 0014                
[INT8]   2 0030                
[INT8]   3 ADE_val_00000114    
[INT8]   4 Lincoln             
[INT8]   5 OST_009             
[INT8]   6 building            
[INT8]   7 butterfly           
[INT8]   8 butterfly2          
[INT8]   9 chip                
[INT8]  10 comic1              
[INT8]  11 comic2              
[INT8]  12 comic3              
[INT8]  13 computer            
[INT8]  14 dog                 
[INT8]  15 dped_crop00061      
[INT8]  16 foreman             
[INT8]  17 frog                
[INT8]  18 oldphoto2           
[INT8]  19 oldphoto3           
[INT8]  20 oldphoto6           
[INT8]  21 painting            
[INT8]  22 pattern             
[INT8]  23 ppt3                
[INT8]  24 tiger               
[INT8] Avg  Runtime: 0.193 s/image
  RUNTIME: 0.229 s/img → 0.193 s/img  (1.19x faster)
Saved quantized model → model_zoo/swinir_quantized_int8/003_realSR_BSRGAN_DFO_s64w8_SwinIR-M_x4_GAN.pth  (38.0 MB on disk)

Done.
