===== Color Denoising =====
[Sat Mar 14 04:29:33 PM PDT 2026] Noise level: 15
/home/yupeng/anaconda3/envs/swinir/lib/python3.12/site-packages/timm/models/layers/__init__.py:49: FutureWarning: Importing from timm.models.layers is deprecated, please import via timm.layers
  warnings.warn(f"Importing from {__name__} is deprecated, please import via timm.layers", FutureWarning)
/home/yupeng/anaconda3/envs/swinir/lib/python3.12/site-packages/torch/functional.py:505: UserWarning: torch.meshgrid: in an upcoming release, it will be required to pass the indexing argument. (Triggered internally at /pytorch/aten/src/ATen/native/TensorShape.cpp:4317.)
  return _VF.meshgrid(tensors, **kwargs)  # type: ignore[attr-defined]
/home/yupeng/anaconda3/envs/swinir/lib/python3.12/site-packages/torchao/quantization/quant_api.py:1356: UserWarning: Config Deprecation: version 1 of Int8WeightOnlyConfig is deprecated and will no longer be supported in a future release, please use version 2, see https://github.com/pytorch/ao/issues/2752 for more details
  warnings.warn(

============================================================
  SwinIR PTQ  |  task=color_dn  |  INT8 weight-only
============================================================
Loading FP32 model from model_zoo/swinir/005_colorDN_DFWB_s128w8_SwinIR-M_noise15.pth
FP32 model: 144 nn.Linear layers to be quantized
FP32 size : 117.2 MB
  e.g. layers.0.residual_group.blocks.0.attn.qkv
       layers.0.residual_group.blocks.0.attn.proj
       layers.0.residual_group.blocks.0.mlp.fc1
       layers.0.residual_group.blocks.0.mlp.fc2
       layers.0.residual_group.blocks.1.attn.qkv
       layers.0.residual_group.blocks.1.attn.proj

--- FP32 Baseline on testsets/McMaster ---
[FP32]   0 1                     PSNR: 32.18 dB  SSIM: 0.9201  PSNR_Y: 35.05 dB  SSIM_Y: 0.9435
[FP32]   1 10                    PSNR: 36.36 dB  SSIM: 0.9440  PSNR_Y: 39.46 dB  SSIM_Y: 0.9675
[FP32]   2 11                    PSNR: 36.56 dB  SSIM: 0.9353  PSNR_Y: 38.85 dB  SSIM_Y: 0.9565
[FP32]   3 12                    PSNR: 37.85 dB  SSIM: 0.9479  PSNR_Y: 40.72 dB  SSIM_Y: 0.9762
[FP32]   4 13                    PSNR: 39.42 dB  SSIM: 0.9352  PSNR_Y: 43.45 dB  SSIM_Y: 0.9759
[FP32]   5 14                    PSNR: 36.99 dB  SSIM: 0.9249  PSNR_Y: 40.33 dB  SSIM_Y: 0.9615
[FP32]   6 15                    PSNR: 36.92 dB  SSIM: 0.9236  PSNR_Y: 40.34 dB  SSIM_Y: 0.9585
[FP32]   7 16                    PSNR: 33.37 dB  SSIM: 0.9287  PSNR_Y: 35.10 dB  SSIM_Y: 0.9479
[FP32]   8 17                    PSNR: 33.63 dB  SSIM: 0.9240  PSNR_Y: 36.99 dB  SSIM_Y: 0.9487
[FP32]   9 18                    PSNR: 34.33 dB  SSIM: 0.9251  PSNR_Y: 36.00 dB  SSIM_Y: 0.9431
[FP32]  10 2                     PSNR: 34.40 dB  SSIM: 0.9191  PSNR_Y: 37.65 dB  SSIM_Y: 0.9545
[FP32]  11 3                     PSNR: 33.79 dB  SSIM: 0.9513  PSNR_Y: 36.31 dB  SSIM_Y: 0.9687
[FP32]  12 4                     PSNR: 37.10 dB  SSIM: 0.9670  PSNR_Y: 39.88 dB  SSIM_Y: 0.9784
[FP32]  13 5                     PSNR: 34.80 dB  SSIM: 0.9287  PSNR_Y: 37.85 dB  SSIM_Y: 0.9546
[FP32]  14 6                     PSNR: 35.91 dB  SSIM: 0.9344  PSNR_Y: 39.09 dB  SSIM_Y: 0.9608
[FP32]  15 7                     PSNR: 33.88 dB  SSIM: 0.9198  PSNR_Y: 35.67 dB  SSIM_Y: 0.9386
[FP32]  16 8                     PSNR: 37.06 dB  SSIM: 0.9532  PSNR_Y: 39.31 dB  SSIM_Y: 0.9733
[FP32]  17 9                     PSNR: 36.46 dB  SSIM: 0.9399  PSNR_Y: 39.43 dB  SSIM_Y: 0.9682

[FP32] Avg  PSNR: 35.61 dB  SSIM: 0.9346
[FP32] Avg  PSNR_Y: 38.42 dB  SSIM_Y: 0.9598
[FP32] Avg  Runtime: 1.331 s/image

--- Applying INT8 PTQ ---
[torchao] INT8 weight-only: 144/144 nn.Linear quantized

Model size:  FP32 117.2 MB  →  INT8 91.1 MB  (1.29x reduction)
[FP32] Memory: 117.21 MB
[INT8] Memory: 91.12 MB

--- INT8 evaluation on testsets/McMaster (cuda) ---
[INT8]   0 1                     PSNR: 32.18 dB  SSIM: 0.9201  PSNR_Y: 35.05 dB  SSIM_Y: 0.9435
[INT8]   1 10                    PSNR: 36.36 dB  SSIM: 0.9440  PSNR_Y: 39.46 dB  SSIM_Y: 0.9675
[INT8]   2 11                    PSNR: 36.56 dB  SSIM: 0.9353  PSNR_Y: 38.85 dB  SSIM_Y: 0.9565
[INT8]   3 12                    PSNR: 37.85 dB  SSIM: 0.9479  PSNR_Y: 40.72 dB  SSIM_Y: 0.9762
[INT8]   4 13                    PSNR: 39.42 dB  SSIM: 0.9352  PSNR_Y: 43.45 dB  SSIM_Y: 0.9759
[INT8]   5 14                    PSNR: 36.99 dB  SSIM: 0.9249  PSNR_Y: 40.33 dB  SSIM_Y: 0.9615
[INT8]   6 15                    PSNR: 36.92 dB  SSIM: 0.9236  PSNR_Y: 40.33 dB  SSIM_Y: 0.9585
[INT8]   7 16                    PSNR: 33.37 dB  SSIM: 0.9287  PSNR_Y: 35.10 dB  SSIM_Y: 0.9480
[INT8]   8 17                    PSNR: 33.63 dB  SSIM: 0.9240  PSNR_Y: 36.99 dB  SSIM_Y: 0.9487
[INT8]   9 18                    PSNR: 34.33 dB  SSIM: 0.9251  PSNR_Y: 36.00 dB  SSIM_Y: 0.9431
[INT8]  10 2                     PSNR: 34.40 dB  SSIM: 0.9191  PSNR_Y: 37.65 dB  SSIM_Y: 0.9545
[INT8]  11 3                     PSNR: 33.79 dB  SSIM: 0.9513  PSNR_Y: 36.31 dB  SSIM_Y: 0.9687
[INT8]  12 4                     PSNR: 37.10 dB  SSIM: 0.9670  PSNR_Y: 39.88 dB  SSIM_Y: 0.9784
[INT8]  13 5                     PSNR: 34.79 dB  SSIM: 0.9287  PSNR_Y: 37.85 dB  SSIM_Y: 0.9546
[INT8]  14 6                     PSNR: 35.91 dB  SSIM: 0.9344  PSNR_Y: 39.09 dB  SSIM_Y: 0.9608
[INT8]  15 7                     PSNR: 33.88 dB  SSIM: 0.9198  PSNR_Y: 35.67 dB  SSIM_Y: 0.9386
[INT8]  16 8                     PSNR: 37.06 dB  SSIM: 0.9532  PSNR_Y: 39.31 dB  SSIM_Y: 0.9733
[INT8]  17 9                     PSNR: 36.45 dB  SSIM: 0.9399  PSNR_Y: 39.42 dB  SSIM_Y: 0.9682

[INT8] Avg  PSNR: 35.61 dB  SSIM: 0.9346
[INT8] Avg  PSNR_Y: 38.41 dB  SSIM_Y: 0.9598
[INT8] Avg  Runtime: 1.385 s/image

--- Quality delta (FP32 → INT8) ---
  PSNR   : 35.6108 → 35.6101  (Δ = -0.0007 dB)
  SSIM   : 0.9346 → 0.9346  (Δ = +0.0000    )
  PSNR_Y : 38.4157 → 38.4150  (Δ = -0.0007 dB)
  SSIM_Y : 0.9598 → 0.9598  (Δ = +0.0000    )
  RUNTIME: 1.331 s/img → 1.385 s/img  (0.96x slower)
Saved quantized model → model_zoo/swinir_quantized_int8/005_colorDN_DFWB_s128w8_SwinIR-M_noise15.pth  (91.2 MB on disk)

Done.
[Sat Mar 14 04:30:34 PM PDT 2026] Noise level: 25
/home/yupeng/anaconda3/envs/swinir/lib/python3.12/site-packages/timm/models/layers/__init__.py:49: FutureWarning: Importing from timm.models.layers is deprecated, please import via timm.layers
  warnings.warn(f"Importing from {__name__} is deprecated, please import via timm.layers", FutureWarning)
/home/yupeng/anaconda3/envs/swinir/lib/python3.12/site-packages/torch/functional.py:505: UserWarning: torch.meshgrid: in an upcoming release, it will be required to pass the indexing argument. (Triggered internally at /pytorch/aten/src/ATen/native/TensorShape.cpp:4317.)
  return _VF.meshgrid(tensors, **kwargs)  # type: ignore[attr-defined]
/home/yupeng/anaconda3/envs/swinir/lib/python3.12/site-packages/torchao/quantization/quant_api.py:1356: UserWarning: Config Deprecation: version 1 of Int8WeightOnlyConfig is deprecated and will no longer be supported in a future release, please use version 2, see https://github.com/pytorch/ao/issues/2752 for more details
  warnings.warn(

============================================================
  SwinIR PTQ  |  task=color_dn  |  INT8 weight-only
============================================================
Loading FP32 model from model_zoo/swinir/005_colorDN_DFWB_s128w8_SwinIR-M_noise25.pth
FP32 model: 144 nn.Linear layers to be quantized
FP32 size : 117.2 MB
  e.g. layers.0.residual_group.blocks.0.attn.qkv
       layers.0.residual_group.blocks.0.attn.proj
       layers.0.residual_group.blocks.0.mlp.fc1
       layers.0.residual_group.blocks.0.mlp.fc2
       layers.0.residual_group.blocks.1.attn.qkv
       layers.0.residual_group.blocks.1.attn.proj

--- FP32 Baseline on testsets/McMaster ---
[FP32]   0 1                     PSNR: 29.69 dB  SSIM: 0.8764  PSNR_Y: 32.38 dB  SSIM_Y: 0.9076
[FP32]   1 10                    PSNR: 34.03 dB  SSIM: 0.9183  PSNR_Y: 36.86 dB  SSIM_Y: 0.9481
[FP32]   2 11                    PSNR: 34.28 dB  SSIM: 0.9063  PSNR_Y: 36.35 dB  SSIM_Y: 0.9320
[FP32]   3 12                    PSNR: 35.64 dB  SSIM: 0.9359  PSNR_Y: 38.05 dB  SSIM_Y: 0.9664
[FP32]   4 13                    PSNR: 38.09 dB  SSIM: 0.9288  PSNR_Y: 41.60 dB  SSIM_Y: 0.9715
[FP32]   5 14                    PSNR: 35.28 dB  SSIM: 0.9068  PSNR_Y: 38.40 dB  SSIM_Y: 0.9488
[FP32]   6 15                    PSNR: 35.07 dB  SSIM: 0.8994  PSNR_Y: 38.30 dB  SSIM_Y: 0.9424
[FP32]   7 16                    PSNR: 30.66 dB  SSIM: 0.8797  PSNR_Y: 32.16 dB  SSIM_Y: 0.9045
[FP32]   8 17                    PSNR: 30.97 dB  SSIM: 0.8764  PSNR_Y: 34.21 dB  SSIM_Y: 0.9118
[FP32]   9 18                    PSNR: 32.04 dB  SSIM: 0.8867  PSNR_Y: 33.45 dB  SSIM_Y: 0.9061
[FP32]  10 2                     PSNR: 32.20 dB  SSIM: 0.8855  PSNR_Y: 35.13 dB  SSIM_Y: 0.9291
[FP32]  11 3                     PSNR: 31.02 dB  SSIM: 0.9252  PSNR_Y: 33.31 dB  SSIM_Y: 0.9465
[FP32]  12 4                     PSNR: 34.57 dB  SSIM: 0.9513  PSNR_Y: 37.15 dB  SSIM_Y: 0.9664
[FP32]  13 5                     PSNR: 32.38 dB  SSIM: 0.8959  PSNR_Y: 35.32 dB  SSIM_Y: 0.9284
[FP32]  14 6                     PSNR: 33.52 dB  SSIM: 0.9041  PSNR_Y: 36.48 dB  SSIM_Y: 0.9372
[FP32]  15 7                     PSNR: 31.42 dB  SSIM: 0.8710  PSNR_Y: 33.09 dB  SSIM_Y: 0.8959
[FP32]  16 8                     PSNR: 34.69 dB  SSIM: 0.9339  PSNR_Y: 36.70 dB  SSIM_Y: 0.9602
[FP32]  17 9                     PSNR: 34.11 dB  SSIM: 0.9207  PSNR_Y: 36.80 dB  SSIM_Y: 0.9529

[FP32] Avg  PSNR: 33.31 dB  SSIM: 0.9057
[FP32] Avg  PSNR_Y: 35.87 dB  SSIM_Y: 0.9364
[FP32] Avg  Runtime: 1.237 s/image

--- Applying INT8 PTQ ---
[torchao] INT8 weight-only: 144/144 nn.Linear quantized

Model size:  FP32 117.2 MB  →  INT8 91.1 MB  (1.29x reduction)
[FP32] Memory: 117.21 MB
[INT8] Memory: 91.12 MB

--- INT8 evaluation on testsets/McMaster (cuda) ---
[INT8]   0 1                     PSNR: 29.69 dB  SSIM: 0.8765  PSNR_Y: 32.38 dB  SSIM_Y: 0.9077
[INT8]   1 10                    PSNR: 34.02 dB  SSIM: 0.9184  PSNR_Y: 36.85 dB  SSIM_Y: 0.9481
[INT8]   2 11                    PSNR: 34.28 dB  SSIM: 0.9063  PSNR_Y: 36.35 dB  SSIM_Y: 0.9319
[INT8]   3 12                    PSNR: 35.64 dB  SSIM: 0.9359  PSNR_Y: 38.05 dB  SSIM_Y: 0.9663
[INT8]   4 13                    PSNR: 38.09 dB  SSIM: 0.9288  PSNR_Y: 41.60 dB  SSIM_Y: 0.9715
[INT8]   5 14                    PSNR: 35.28 dB  SSIM: 0.9068  PSNR_Y: 38.40 dB  SSIM_Y: 0.9488
[INT8]   6 15                    PSNR: 35.07 dB  SSIM: 0.8994  PSNR_Y: 38.30 dB  SSIM_Y: 0.9424
[INT8]   7 16                    PSNR: 30.66 dB  SSIM: 0.8798  PSNR_Y: 32.16 dB  SSIM_Y: 0.9045
[INT8]   8 17                    PSNR: 30.97 dB  SSIM: 0.8764  PSNR_Y: 34.21 dB  SSIM_Y: 0.9118
[INT8]   9 18                    PSNR: 32.04 dB  SSIM: 0.8867  PSNR_Y: 33.45 dB  SSIM_Y: 0.9061
[INT8]  10 2                     PSNR: 32.20 dB  SSIM: 0.8855  PSNR_Y: 35.13 dB  SSIM_Y: 0.9291
[INT8]  11 3                     PSNR: 31.02 dB  SSIM: 0.9252  PSNR_Y: 33.31 dB  SSIM_Y: 0.9465
[INT8]  12 4                     PSNR: 34.58 dB  SSIM: 0.9513  PSNR_Y: 37.15 dB  SSIM_Y: 0.9664
[INT8]  13 5                     PSNR: 32.38 dB  SSIM: 0.8959  PSNR_Y: 35.32 dB  SSIM_Y: 0.9284
[INT8]  14 6                     PSNR: 33.52 dB  SSIM: 0.9041  PSNR_Y: 36.48 dB  SSIM_Y: 0.9372
[INT8]  15 7                     PSNR: 31.42 dB  SSIM: 0.8710  PSNR_Y: 33.09 dB  SSIM_Y: 0.8959
[INT8]  16 8                     PSNR: 34.69 dB  SSIM: 0.9340  PSNR_Y: 36.70 dB  SSIM_Y: 0.9602
[INT8]  17 9                     PSNR: 34.11 dB  SSIM: 0.9207  PSNR_Y: 36.80 dB  SSIM_Y: 0.9529

[INT8] Avg  PSNR: 33.31 dB  SSIM: 0.9057
[INT8] Avg  PSNR_Y: 35.87 dB  SSIM_Y: 0.9364
[INT8] Avg  Runtime: 1.360 s/image

--- Quality delta (FP32 → INT8) ---
  PSNR   : 33.3148 → 33.3143  (Δ = -0.0005 dB)
  SSIM   : 0.9057 → 0.9057  (Δ = +0.0000    )
  PSNR_Y : 35.8749 → 35.8743  (Δ = -0.0005 dB)
  SSIM_Y : 0.9364 → 0.9364  (Δ = -0.0000    )
  RUNTIME: 1.237 s/img → 1.360 s/img  (0.91x slower)
Saved quantized model → model_zoo/swinir_quantized_int8/005_colorDN_DFWB_s128w8_SwinIR-M_noise25.pth  (91.2 MB on disk)

Done.
[Sat Mar 14 04:31:34 PM PDT 2026] Noise level: 50
/home/yupeng/anaconda3/envs/swinir/lib/python3.12/site-packages/timm/models/layers/__init__.py:49: FutureWarning: Importing from timm.models.layers is deprecated, please import via timm.layers
  warnings.warn(f"Importing from {__name__} is deprecated, please import via timm.layers", FutureWarning)
/home/yupeng/anaconda3/envs/swinir/lib/python3.12/site-packages/torch/functional.py:505: UserWarning: torch.meshgrid: in an upcoming release, it will be required to pass the indexing argument. (Triggered internally at /pytorch/aten/src/ATen/native/TensorShape.cpp:4317.)
  return _VF.meshgrid(tensors, **kwargs)  # type: ignore[attr-defined]
/home/yupeng/anaconda3/envs/swinir/lib/python3.12/site-packages/torchao/quantization/quant_api.py:1356: UserWarning: Config Deprecation: version 1 of Int8WeightOnlyConfig is deprecated and will no longer be supported in a future release, please use version 2, see https://github.com/pytorch/ao/issues/2752 for more details
  warnings.warn(

============================================================
  SwinIR PTQ  |  task=color_dn  |  INT8 weight-only
============================================================
Loading FP32 model from model_zoo/swinir/005_colorDN_DFWB_s128w8_SwinIR-M_noise50.pth
FP32 model: 144 nn.Linear layers to be quantized
FP32 size : 117.2 MB
  e.g. layers.0.residual_group.blocks.0.attn.qkv
       layers.0.residual_group.blocks.0.attn.proj
       layers.0.residual_group.blocks.0.mlp.fc1
       layers.0.residual_group.blocks.0.mlp.fc2
       layers.0.residual_group.blocks.1.attn.qkv
       layers.0.residual_group.blocks.1.attn.proj

--- FP32 Baseline on testsets/McMaster ---
[FP32]   0 1                     PSNR: 26.54 dB  SSIM: 0.7914  PSNR_Y: 29.08 dB  SSIM_Y: 0.8371
[FP32]   1 10                    PSNR: 30.82 dB  SSIM: 0.8635  PSNR_Y: 33.39 dB  SSIM_Y: 0.9051
[FP32]   2 11                    PSNR: 31.30 dB  SSIM: 0.8528  PSNR_Y: 33.17 dB  SSIM_Y: 0.8845
[FP32]   3 12                    PSNR: 32.21 dB  SSIM: 0.9063  PSNR_Y: 34.27 dB  SSIM_Y: 0.9412
[FP32]   4 13                    PSNR: 35.35 dB  SSIM: 0.9139  PSNR_Y: 38.32 dB  SSIM_Y: 0.9598
[FP32]   5 14                    PSNR: 32.88 dB  SSIM: 0.8772  PSNR_Y: 35.79 dB  SSIM_Y: 0.9266
[FP32]   6 15                    PSNR: 32.59 dB  SSIM: 0.8629  PSNR_Y: 35.60 dB  SSIM_Y: 0.9169
[FP32]   7 16                    PSNR: 27.18 dB  SSIM: 0.7745  PSNR_Y: 28.49 dB  SSIM_Y: 0.8059
[FP32]   8 17                    PSNR: 27.52 dB  SSIM: 0.7808  PSNR_Y: 30.71 dB  SSIM_Y: 0.8332
[FP32]   9 18                    PSNR: 29.34 dB  SSIM: 0.8223  PSNR_Y: 30.58 dB  SSIM_Y: 0.8416
[FP32]  10 2                     PSNR: 29.29 dB  SSIM: 0.8201  PSNR_Y: 31.90 dB  SSIM_Y: 0.8773
[FP32]  11 3                     PSNR: 27.36 dB  SSIM: 0.8632  PSNR_Y: 29.46 dB  SSIM_Y: 0.8918
[FP32]  12 4                     PSNR: 31.04 dB  SSIM: 0.9221  PSNR_Y: 33.43 dB  SSIM_Y: 0.9426
[FP32]  13 5                     PSNR: 29.16 dB  SSIM: 0.8334  PSNR_Y: 32.03 dB  SSIM_Y: 0.8761
[FP32]  14 6                     PSNR: 30.11 dB  SSIM: 0.8406  PSNR_Y: 32.94 dB  SSIM_Y: 0.8856
[FP32]  15 7                     PSNR: 28.81 dB  SSIM: 0.7848  PSNR_Y: 30.40 dB  SSIM_Y: 0.8206
[FP32]  16 8                     PSNR: 31.35 dB  SSIM: 0.8928  PSNR_Y: 33.17 dB  SSIM_Y: 0.9324
[FP32]  17 9                     PSNR: 30.71 dB  SSIM: 0.8796  PSNR_Y: 33.21 dB  SSIM_Y: 0.9183

[FP32] Avg  PSNR: 30.20 dB  SSIM: 0.8490
[FP32] Avg  PSNR_Y: 32.55 dB  SSIM_Y: 0.8887
[FP32] Avg  Runtime: 1.412 s/image

--- Applying INT8 PTQ ---
[torchao] INT8 weight-only: 144/144 nn.Linear quantized

Model size:  FP32 117.2 MB  →  INT8 91.1 MB  (1.29x reduction)
[FP32] Memory: 117.21 MB
[INT8] Memory: 91.12 MB

--- INT8 evaluation on testsets/McMaster (cuda) ---
[INT8]   0 1                     PSNR: 26.54 dB  SSIM: 0.7912  PSNR_Y: 29.08 dB  SSIM_Y: 0.8370
[INT8]   1 10                    PSNR: 30.82 dB  SSIM: 0.8632  PSNR_Y: 33.39 dB  SSIM_Y: 0.9050
[INT8]   2 11                    PSNR: 31.30 dB  SSIM: 0.8523  PSNR_Y: 33.17 dB  SSIM_Y: 0.8845
[INT8]   3 12                    PSNR: 32.21 dB  SSIM: 0.9062  PSNR_Y: 34.27 dB  SSIM_Y: 0.9412
[INT8]   4 13                    PSNR: 35.35 dB  SSIM: 0.9138  PSNR_Y: 38.32 dB  SSIM_Y: 0.9597
[INT8]   5 14                    PSNR: 32.88 dB  SSIM: 0.8771  PSNR_Y: 35.79 dB  SSIM_Y: 0.9266
[INT8]   6 15                    PSNR: 32.59 dB  SSIM: 0.8628  PSNR_Y: 35.61 dB  SSIM_Y: 0.9169
[INT8]   7 16                    PSNR: 27.18 dB  SSIM: 0.7743  PSNR_Y: 28.49 dB  SSIM_Y: 0.8059
[INT8]   8 17                    PSNR: 27.52 dB  SSIM: 0.7807  PSNR_Y: 30.71 dB  SSIM_Y: 0.8331
[INT8]   9 18                    PSNR: 29.34 dB  SSIM: 0.8222  PSNR_Y: 30.58 dB  SSIM_Y: 0.8415
[INT8]  10 2                     PSNR: 29.29 dB  SSIM: 0.8200  PSNR_Y: 31.90 dB  SSIM_Y: 0.8772
[INT8]  11 3                     PSNR: 27.36 dB  SSIM: 0.8631  PSNR_Y: 29.46 dB  SSIM_Y: 0.8917
[INT8]  12 4                     PSNR: 31.03 dB  SSIM: 0.9220  PSNR_Y: 33.42 dB  SSIM_Y: 0.9426
[INT8]  13 5                     PSNR: 29.16 dB  SSIM: 0.8333  PSNR_Y: 32.03 dB  SSIM_Y: 0.8760
[INT8]  14 6                     PSNR: 30.11 dB  SSIM: 0.8406  PSNR_Y: 32.94 dB  SSIM_Y: 0.8856
[INT8]  15 7                     PSNR: 28.81 dB  SSIM: 0.7844  PSNR_Y: 30.40 dB  SSIM_Y: 0.8205
[INT8]  16 8                     PSNR: 31.35 dB  SSIM: 0.8925  PSNR_Y: 33.17 dB  SSIM_Y: 0.9324
[INT8]  17 9                     PSNR: 30.71 dB  SSIM: 0.8794  PSNR_Y: 33.20 dB  SSIM_Y: 0.9182

[INT8] Avg  PSNR: 30.20 dB  SSIM: 0.8488
[INT8] Avg  PSNR_Y: 32.55 dB  SSIM_Y: 0.8886
[INT8] Avg  Runtime: 1.319 s/image

--- Quality delta (FP32 → INT8) ---
  PSNR   : 30.1991 → 30.1976  (Δ = -0.0014 dB)
  SSIM   : 0.8490 → 0.8488  (Δ = -0.0002    )
  PSNR_Y : 32.5524 → 32.5516  (Δ = -0.0008 dB)
  SSIM_Y : 0.8887 → 0.8886  (Δ = -0.0000    )
  RUNTIME: 1.412 s/img → 1.319 s/img  (1.07x faster)
Saved quantized model → model_zoo/swinir_quantized_int8/005_colorDN_DFWB_s128w8_SwinIR-M_noise50.pth  (91.2 MB on disk)

Done.
