===== Color JPEG CAR =====
[Thu Mar  5 11:23:56 AM PST 2026] JPEG quality: 10
/home/yupeng/anaconda3/envs/swinir/lib/python3.12/site-packages/timm/models/layers/__init__.py:49: FutureWarning: Importing from timm.models.layers is deprecated, please import via timm.layers
  warnings.warn(f"Importing from {__name__} is deprecated, please import via timm.layers", FutureWarning)
/home/yupeng/anaconda3/envs/swinir/lib/python3.12/site-packages/torch/functional.py:505: UserWarning: torch.meshgrid: in an upcoming release, it will be required to pass the indexing argument. (Triggered internally at /pytorch/aten/src/ATen/native/TensorShape.cpp:4317.)
  return _VF.meshgrid(tensors, **kwargs)  # type: ignore[attr-defined]
/home/yupeng/anaconda3/envs/swinir/lib/python3.12/site-packages/torchao/quantization/quant_api.py:1356: UserWarning: Config Deprecation: version 1 of Int8WeightOnlyConfig is deprecated and will no longer be supported in a future release, please use version 2, see https://github.com/pytorch/ao/issues/2752 for more details
  warnings.warn(

============================================================
  SwinIR PTQ  |  task=color_jpeg_car  |  INT8 weight-only
============================================================
Loading FP32 model from model_zoo/swinir/006_colorCAR_DFWB_s126w7_SwinIR-M_jpeg10.pth
FP32 model: 144 nn.Linear layers to be quantized
FP32 size : 98.1 MB
  e.g. layers.0.residual_group.blocks.0.attn.qkv
       layers.0.residual_group.blocks.0.attn.proj
       layers.0.residual_group.blocks.0.mlp.fc1
       layers.0.residual_group.blocks.0.mlp.fc2
       layers.0.residual_group.blocks.1.attn.qkv
       layers.0.residual_group.blocks.1.attn.proj

[INFO] Skipping FP32 baseline evaluation.

--- Applying INT8 PTQ ---
[torchao] INT8 weight-only: 144/144 nn.Linear quantized

Model size:  FP32 98.1 MB  →  INT8 72.0 MB  (1.36x reduction)
[FP32] Memory: 98.11 MB
[INT8] Memory: 72.02 MB
Saved quantized model → model_zoo/swinir_quantized_int8/006_colorCAR_DFWB_s126w7_SwinIR-M_jpeg10.pth  (72.1 MB on disk)

Done.
[Thu Mar  5 11:24:02 AM PST 2026] JPEG quality: 20
/home/yupeng/anaconda3/envs/swinir/lib/python3.12/site-packages/timm/models/layers/__init__.py:49: FutureWarning: Importing from timm.models.layers is deprecated, please import via timm.layers
  warnings.warn(f"Importing from {__name__} is deprecated, please import via timm.layers", FutureWarning)
/home/yupeng/anaconda3/envs/swinir/lib/python3.12/site-packages/torch/functional.py:505: UserWarning: torch.meshgrid: in an upcoming release, it will be required to pass the indexing argument. (Triggered internally at /pytorch/aten/src/ATen/native/TensorShape.cpp:4317.)
  return _VF.meshgrid(tensors, **kwargs)  # type: ignore[attr-defined]
/home/yupeng/anaconda3/envs/swinir/lib/python3.12/site-packages/torchao/quantization/quant_api.py:1356: UserWarning: Config Deprecation: version 1 of Int8WeightOnlyConfig is deprecated and will no longer be supported in a future release, please use version 2, see https://github.com/pytorch/ao/issues/2752 for more details
  warnings.warn(

============================================================
  SwinIR PTQ  |  task=color_jpeg_car  |  INT8 weight-only
============================================================
Loading FP32 model from model_zoo/swinir/006_colorCAR_DFWB_s126w7_SwinIR-M_jpeg20.pth
FP32 model: 144 nn.Linear layers to be quantized
FP32 size : 98.1 MB
  e.g. layers.0.residual_group.blocks.0.attn.qkv
       layers.0.residual_group.blocks.0.attn.proj
       layers.0.residual_group.blocks.0.mlp.fc1
       layers.0.residual_group.blocks.0.mlp.fc2
       layers.0.residual_group.blocks.1.attn.qkv
       layers.0.residual_group.blocks.1.attn.proj

[INFO] Skipping FP32 baseline evaluation.

--- Applying INT8 PTQ ---
[torchao] INT8 weight-only: 144/144 nn.Linear quantized

Model size:  FP32 98.1 MB  →  INT8 72.0 MB  (1.36x reduction)
[FP32] Memory: 98.11 MB
[INT8] Memory: 72.02 MB
Saved quantized model → model_zoo/swinir_quantized_int8/006_colorCAR_DFWB_s126w7_SwinIR-M_jpeg20.pth  (72.1 MB on disk)

Done.
[Thu Mar  5 11:24:08 AM PST 2026] JPEG quality: 30
/home/yupeng/anaconda3/envs/swinir/lib/python3.12/site-packages/timm/models/layers/__init__.py:49: FutureWarning: Importing from timm.models.layers is deprecated, please import via timm.layers
  warnings.warn(f"Importing from {__name__} is deprecated, please import via timm.layers", FutureWarning)
/home/yupeng/anaconda3/envs/swinir/lib/python3.12/site-packages/torch/functional.py:505: UserWarning: torch.meshgrid: in an upcoming release, it will be required to pass the indexing argument. (Triggered internally at /pytorch/aten/src/ATen/native/TensorShape.cpp:4317.)
  return _VF.meshgrid(tensors, **kwargs)  # type: ignore[attr-defined]
/home/yupeng/anaconda3/envs/swinir/lib/python3.12/site-packages/torchao/quantization/quant_api.py:1356: UserWarning: Config Deprecation: version 1 of Int8WeightOnlyConfig is deprecated and will no longer be supported in a future release, please use version 2, see https://github.com/pytorch/ao/issues/2752 for more details
  warnings.warn(

============================================================
  SwinIR PTQ  |  task=color_jpeg_car  |  INT8 weight-only
============================================================
Loading FP32 model from model_zoo/swinir/006_colorCAR_DFWB_s126w7_SwinIR-M_jpeg30.pth
FP32 model: 144 nn.Linear layers to be quantized
FP32 size : 98.1 MB
  e.g. layers.0.residual_group.blocks.0.attn.qkv
       layers.0.residual_group.blocks.0.attn.proj
       layers.0.residual_group.blocks.0.mlp.fc1
       layers.0.residual_group.blocks.0.mlp.fc2
       layers.0.residual_group.blocks.1.attn.qkv
       layers.0.residual_group.blocks.1.attn.proj

[INFO] Skipping FP32 baseline evaluation.

--- Applying INT8 PTQ ---
[torchao] INT8 weight-only: 144/144 nn.Linear quantized

Model size:  FP32 98.1 MB  →  INT8 72.0 MB  (1.36x reduction)
[FP32] Memory: 98.11 MB
[INT8] Memory: 72.02 MB
Saved quantized model → model_zoo/swinir_quantized_int8/006_colorCAR_DFWB_s126w7_SwinIR-M_jpeg30.pth  (72.1 MB on disk)

Done.
[Thu Mar  5 11:24:14 AM PST 2026] JPEG quality: 40
/home/yupeng/anaconda3/envs/swinir/lib/python3.12/site-packages/timm/models/layers/__init__.py:49: FutureWarning: Importing from timm.models.layers is deprecated, please import via timm.layers
  warnings.warn(f"Importing from {__name__} is deprecated, please import via timm.layers", FutureWarning)
/home/yupeng/anaconda3/envs/swinir/lib/python3.12/site-packages/torch/functional.py:505: UserWarning: torch.meshgrid: in an upcoming release, it will be required to pass the indexing argument. (Triggered internally at /pytorch/aten/src/ATen/native/TensorShape.cpp:4317.)
  return _VF.meshgrid(tensors, **kwargs)  # type: ignore[attr-defined]
/home/yupeng/anaconda3/envs/swinir/lib/python3.12/site-packages/torchao/quantization/quant_api.py:1356: UserWarning: Config Deprecation: version 1 of Int8WeightOnlyConfig is deprecated and will no longer be supported in a future release, please use version 2, see https://github.com/pytorch/ao/issues/2752 for more details
  warnings.warn(

============================================================
  SwinIR PTQ  |  task=color_jpeg_car  |  INT8 weight-only
============================================================
Loading FP32 model from model_zoo/swinir/006_colorCAR_DFWB_s126w7_SwinIR-M_jpeg40.pth
FP32 model: 144 nn.Linear layers to be quantized
FP32 size : 98.1 MB
  e.g. layers.0.residual_group.blocks.0.attn.qkv
       layers.0.residual_group.blocks.0.attn.proj
       layers.0.residual_group.blocks.0.mlp.fc1
       layers.0.residual_group.blocks.0.mlp.fc2
       layers.0.residual_group.blocks.1.attn.qkv
       layers.0.residual_group.blocks.1.attn.proj

[INFO] Skipping FP32 baseline evaluation.

--- Applying INT8 PTQ ---
[torchao] INT8 weight-only: 144/144 nn.Linear quantized

Model size:  FP32 98.1 MB  →  INT8 72.0 MB  (1.36x reduction)
[FP32] Memory: 98.11 MB
[INT8] Memory: 72.02 MB
Saved quantized model → model_zoo/swinir_quantized_int8/006_colorCAR_DFWB_s126w7_SwinIR-M_jpeg40.pth  (72.1 MB on disk)

Done.
