===== Real-World SR (SwinIR-L) =====
[Wed Mar  4 03:28:59 PM PST 2026] Scale: x4 (large model)
/home/yupeng/anaconda3/envs/swinir/lib/python3.12/site-packages/timm/models/layers/__init__.py:49: FutureWarning: Importing from timm.models.layers is deprecated, please import via timm.layers
  warnings.warn(f"Importing from {__name__} is deprecated, please import via timm.layers", FutureWarning)
/home/yupeng/anaconda3/envs/swinir/lib/python3.12/site-packages/torch/functional.py:505: UserWarning: torch.meshgrid: in an upcoming release, it will be required to pass the indexing argument. (Triggered internally at /pytorch/aten/src/ATen/native/TensorShape.cpp:4317.)
  return _VF.meshgrid(tensors, **kwargs)  # type: ignore[attr-defined]
loading model from model_zoo/swinir/003_realSR_BSRGAN_DFOWMFC_s64w8_SwinIR-L_x4_GAN.pth
Testing 0 00003               
Testing 1 0014                
Testing 2 0030                
Testing 3 ADE_val_00000114    
Testing 4 Lincoln             
Testing 5 OST_009             
Testing 6 building            
Testing 7 butterfly           
Testing 8 butterfly2          
Testing 9 chip                
Testing 10 comic1              
Testing 11 comic2              
Testing 12 comic3              
Testing 13 computer            
Testing 14 dog                 
Testing 15 dped_crop00061      
Testing 16 foreman             
Testing 17 frog                
Testing 18 oldphoto2           
Testing 19 oldphoto3           
Testing 20 oldphoto6           
Testing 21 painting            
Testing 22 pattern             
Testing 23 ppt3                
Testing 24 tiger               
