===== Grayscale JPEG CAR =====
[Wed Mar  4 03:32:48 PM PST 2026] JPEG quality: 10
/home/yupeng/anaconda3/envs/swinir/lib/python3.12/site-packages/timm/models/layers/__init__.py:49: FutureWarning: Importing from timm.models.layers is deprecated, please import via timm.layers
  warnings.warn(f"Importing from {__name__} is deprecated, please import via timm.layers", FutureWarning)
/home/yupeng/anaconda3/envs/swinir/lib/python3.12/site-packages/torch/functional.py:505: UserWarning: torch.meshgrid: in an upcoming release, it will be required to pass the indexing argument. (Triggered internally at /pytorch/aten/src/ATen/native/TensorShape.cpp:4317.)
  return _VF.meshgrid(tensors, **kwargs)  # type: ignore[attr-defined]
loading model from model_zoo/swinir/006_CAR_DFWB_s126w7_SwinIR-M_jpeg10.pth
Testing 0 baboon               - PSNR: 25.36 dB; SSIM: 0.7094; PSNRB: 24.90 dB;PSNR_Y: 0.00 dB; SSIM_Y: 0.0000; PSNRB_Y: 0.00 dB.
Testing 1 barbara              - PSNR: 29.81 dB; SSIM: 0.8712; PSNRB: 29.34 dB;PSNR_Y: 0.00 dB; SSIM_Y: 0.0000; PSNRB_Y: 0.00 dB.
Testing 2 boats                - PSNR: 30.29 dB; SSIM: 0.8186; PSNRB: 30.04 dB;PSNR_Y: 0.00 dB; SSIM_Y: 0.0000; PSNRB_Y: 0.00 dB.
Testing 3 lena                 - PSNR: 33.03 dB; SSIM: 0.8800; PSNRB: 32.79 dB;PSNR_Y: 0.00 dB; SSIM_Y: 0.0000; PSNRB_Y: 0.00 dB.
Testing 4 peppers              - PSNR: 32.85 dB; SSIM: 0.8452; PSNRB: 32.67 dB;PSNR_Y: 0.00 dB; SSIM_Y: 0.0000; PSNRB_Y: 0.00 dB.

results/swinir_jpeg_car_jpeg10 
-- Average PSNR/SSIM(RGB): 30.27 dB; 0.8249
-- Average PSNRB: 29.95 dB
[Wed Mar  4 03:33:05 PM PST 2026] JPEG quality: 20
/home/yupeng/anaconda3/envs/swinir/lib/python3.12/site-packages/timm/models/layers/__init__.py:49: FutureWarning: Importing from timm.models.layers is deprecated, please import via timm.layers
  warnings.warn(f"Importing from {__name__} is deprecated, please import via timm.layers", FutureWarning)
/home/yupeng/anaconda3/envs/swinir/lib/python3.12/site-packages/torch/functional.py:505: UserWarning: torch.meshgrid: in an upcoming release, it will be required to pass the indexing argument. (Triggered internally at /pytorch/aten/src/ATen/native/TensorShape.cpp:4317.)
  return _VF.meshgrid(tensors, **kwargs)  # type: ignore[attr-defined]
loading model from model_zoo/swinir/006_CAR_DFWB_s126w7_SwinIR-M_jpeg20.pth
Testing 0 baboon               - PSNR: 27.32 dB; SSIM: 0.8098; PSNRB: 26.58 dB;PSNR_Y: 0.00 dB; SSIM_Y: 0.0000; PSNRB_Y: 0.00 dB.
Testing 1 barbara              - PSNR: 33.18 dB; SSIM: 0.9233; PSNRB: 32.05 dB;PSNR_Y: 0.00 dB; SSIM_Y: 0.0000; PSNRB_Y: 0.00 dB.
Testing 2 boats                - PSNR: 32.59 dB; SSIM: 0.8697; PSNRB: 32.23 dB;PSNR_Y: 0.00 dB; SSIM_Y: 0.0000; PSNRB_Y: 0.00 dB.
Testing 3 lena                 - PSNR: 35.12 dB; SSIM: 0.9058; PSNRB: 34.75 dB;PSNR_Y: 0.00 dB; SSIM_Y: 0.0000; PSNRB_Y: 0.00 dB.
Testing 4 peppers              - PSNR: 34.41 dB; SSIM: 0.8655; PSNRB: 34.22 dB;PSNR_Y: 0.00 dB; SSIM_Y: 0.0000; PSNRB_Y: 0.00 dB.

results/swinir_jpeg_car_jpeg20 
-- Average PSNR/SSIM(RGB): 32.52 dB; 0.8748
-- Average PSNRB: 31.97 dB
[Wed Mar  4 03:33:22 PM PST 2026] JPEG quality: 30
/home/yupeng/anaconda3/envs/swinir/lib/python3.12/site-packages/timm/models/layers/__init__.py:49: FutureWarning: Importing from timm.models.layers is deprecated, please import via timm.layers
  warnings.warn(f"Importing from {__name__} is deprecated, please import via timm.layers", FutureWarning)
/home/yupeng/anaconda3/envs/swinir/lib/python3.12/site-packages/torch/functional.py:505: UserWarning: torch.meshgrid: in an upcoming release, it will be required to pass the indexing argument. (Triggered internally at /pytorch/aten/src/ATen/native/TensorShape.cpp:4317.)
  return _VF.meshgrid(tensors, **kwargs)  # type: ignore[attr-defined]
loading model from model_zoo/swinir/006_CAR_DFWB_s126w7_SwinIR-M_jpeg30.pth
Testing 0 baboon               - PSNR: 28.55 dB; SSIM: 0.8532; PSNRB: 27.63 dB;PSNR_Y: 0.00 dB; SSIM_Y: 0.0000; PSNRB_Y: 0.00 dB.
Testing 1 barbara              - PSNR: 34.94 dB; SSIM: 0.9415; PSNRB: 33.63 dB;PSNR_Y: 0.00 dB; SSIM_Y: 0.0000; PSNRB_Y: 0.00 dB.
Testing 2 boats                - PSNR: 33.84 dB; SSIM: 0.8901; PSNRB: 33.42 dB;PSNR_Y: 0.00 dB; SSIM_Y: 0.0000; PSNRB_Y: 0.00 dB.
Testing 3 lena                 - PSNR: 36.23 dB; SSIM: 0.9188; PSNRB: 35.72 dB;PSNR_Y: 0.00 dB; SSIM_Y: 0.0000; PSNRB_Y: 0.00 dB.
Testing 4 peppers              - PSNR: 35.13 dB; SSIM: 0.8768; PSNRB: 34.74 dB;PSNR_Y: 0.00 dB; SSIM_Y: 0.0000; PSNRB_Y: 0.00 dB.

results/swinir_jpeg_car_jpeg30 
-- Average PSNR/SSIM(RGB): 33.74 dB; 0.8961
-- Average PSNRB: 33.03 dB
[Wed Mar  4 03:33:38 PM PST 2026] JPEG quality: 40
/home/yupeng/anaconda3/envs/swinir/lib/python3.12/site-packages/timm/models/layers/__init__.py:49: FutureWarning: Importing from timm.models.layers is deprecated, please import via timm.layers
  warnings.warn(f"Importing from {__name__} is deprecated, please import via timm.layers", FutureWarning)
/home/yupeng/anaconda3/envs/swinir/lib/python3.12/site-packages/torch/functional.py:505: UserWarning: torch.meshgrid: in an upcoming release, it will be required to pass the indexing argument. (Triggered internally at /pytorch/aten/src/ATen/native/TensorShape.cpp:4317.)
  return _VF.meshgrid(tensors, **kwargs)  # type: ignore[attr-defined]
loading model from model_zoo/swinir/006_CAR_DFWB_s126w7_SwinIR-M_jpeg40.pth
Testing 0 baboon               - PSNR: 29.49 dB; SSIM: 0.8785; PSNRB: 28.48 dB;PSNR_Y: 0.00 dB; SSIM_Y: 0.0000; PSNRB_Y: 0.00 dB.
Testing 1 barbara              - PSNR: 35.94 dB; SSIM: 0.9498; PSNRB: 34.37 dB;PSNR_Y: 0.00 dB; SSIM_Y: 0.0000; PSNRB_Y: 0.00 dB.
Testing 2 boats                - PSNR: 34.60 dB; SSIM: 0.9002; PSNRB: 34.11 dB;PSNR_Y: 0.00 dB; SSIM_Y: 0.0000; PSNRB_Y: 0.00 dB.
Testing 3 lena                 - PSNR: 36.95 dB; SSIM: 0.9276; PSNRB: 36.16 dB;PSNR_Y: 0.00 dB; SSIM_Y: 0.0000; PSNRB_Y: 0.00 dB.
Testing 4 peppers              - PSNR: 35.63 dB; SSIM: 0.8851; PSNRB: 35.18 dB;PSNR_Y: 0.00 dB; SSIM_Y: 0.0000; PSNRB_Y: 0.00 dB.

results/swinir_jpeg_car_jpeg40 
-- Average PSNR/SSIM(RGB): 34.52 dB; 0.9082
-- Average PSNRB: 33.66 dB
