===== Grayscale JPEG CAR =====
[Sat Mar 14 04:33:15 PM PDT 2026] JPEG quality: 10
/home/yupeng/anaconda3/envs/swinir/lib/python3.12/site-packages/timm/models/layers/__init__.py:49: FutureWarning: Importing from timm.models.layers is deprecated, please import via timm.layers
  warnings.warn(f"Importing from {__name__} is deprecated, please import via timm.layers", FutureWarning)
/home/yupeng/anaconda3/envs/swinir/lib/python3.12/site-packages/torch/functional.py:505: UserWarning: torch.meshgrid: in an upcoming release, it will be required to pass the indexing argument. (Triggered internally at /pytorch/aten/src/ATen/native/TensorShape.cpp:4317.)
  return _VF.meshgrid(tensors, **kwargs)  # type: ignore[attr-defined]

============================================================
  SwinIR Structured Pruning  |  task=jpeg_car  |  MLP=75%+Attn=4heads
============================================================
Loading FP32 model from model_zoo/swinir/006_CAR_DFWB_s126w7_SwinIR-M_jpeg10.pth
FP32 model: 11,485,585 params  |  98.1 MB

--- FP32 Baseline on testsets/classic5 ---
[FP32]   0 baboon                PSNR: 25.36 dB  SSIM: 0.7094
[FP32]   1 barbara               PSNR: 29.81 dB  SSIM: 0.8712
[FP32]   2 boats                 PSNR: 30.29 dB  SSIM: 0.8186
[FP32]   3 lena                  PSNR: 33.03 dB  SSIM: 0.8800
[FP32]   4 peppers               PSNR: 32.85 dB  SSIM: 0.8452

[FP32] Avg  PSNR: 30.27 dB  SSIM: 0.8249
[FP32] Avg  Runtime: 1.260 s/image

--- Applying structured pruning (MLP=75%+Attn=4heads) ---
  [MLP]  hidden 360 → 270  (keep 75%)
  [Attn] heads  6 → 4
  Pruned 36 MLP blocks, 36 Attn blocks

Params:    11,485,585 →    8,742,097  (1.31x reduction)
Size:        98.1 MB  →     87.6 MB  (1.12x reduction)
[FP32]   Memory: 98.08 MB   Params: 11485585
[Pruned] Memory: 87.62 MB   Params: 8742097

--- Pruned evaluation on testsets/classic5 (cuda) ---
[Pruned]   0 baboon                PSNR: 24.96 dB  SSIM: 0.6949
[Pruned]   1 barbara               PSNR: 28.34 dB  SSIM: 0.8450
[Pruned]   2 boats                 PSNR: 29.56 dB  SSIM: 0.8037
[Pruned]   3 lena                  PSNR: 32.30 dB  SSIM: 0.8693
[Pruned]   4 peppers               PSNR: 32.10 dB  SSIM: 0.8361

[Pruned] Avg  PSNR: 29.45 dB  SSIM: 0.8098
[Pruned] Avg  Runtime: 1.175 s/image

--- Quality delta (FP32 → Pruned) ---
  PSNR   : 30.2677 → 29.4523  (Δ = -0.8154 dB)
  SSIM   : 0.8249 → 0.8098  (Δ = -0.0151    )
  RUNTIME: 1.260 s/img → 1.175 s/img  (1.07x faster)
Saved pruned model → model_zoo/swinir_pruned/006_CAR_DFWB_s126w7_SwinIR-M_jpeg10_mlp75_attn4h.pth  (87.7 MB on disk)

Done.
[Sat Mar 14 04:33:34 PM PDT 2026] JPEG quality: 20
/home/yupeng/anaconda3/envs/swinir/lib/python3.12/site-packages/timm/models/layers/__init__.py:49: FutureWarning: Importing from timm.models.layers is deprecated, please import via timm.layers
  warnings.warn(f"Importing from {__name__} is deprecated, please import via timm.layers", FutureWarning)
/home/yupeng/anaconda3/envs/swinir/lib/python3.12/site-packages/torch/functional.py:505: UserWarning: torch.meshgrid: in an upcoming release, it will be required to pass the indexing argument. (Triggered internally at /pytorch/aten/src/ATen/native/TensorShape.cpp:4317.)
  return _VF.meshgrid(tensors, **kwargs)  # type: ignore[attr-defined]

============================================================
  SwinIR Structured Pruning  |  task=jpeg_car  |  MLP=75%+Attn=4heads
============================================================
Loading FP32 model from model_zoo/swinir/006_CAR_DFWB_s126w7_SwinIR-M_jpeg20.pth
FP32 model: 11,485,585 params  |  98.1 MB

--- FP32 Baseline on testsets/classic5 ---
[FP32]   0 baboon                PSNR: 27.32 dB  SSIM: 0.8098
[FP32]   1 barbara               PSNR: 33.18 dB  SSIM: 0.9233
[FP32]   2 boats                 PSNR: 32.59 dB  SSIM: 0.8697
[FP32]   3 lena                  PSNR: 35.12 dB  SSIM: 0.9058
[FP32]   4 peppers               PSNR: 34.41 dB  SSIM: 0.8655

[FP32] Avg  PSNR: 32.52 dB  SSIM: 0.8748
[FP32] Avg  Runtime: 1.278 s/image

--- Applying structured pruning (MLP=75%+Attn=4heads) ---
  [MLP]  hidden 360 → 270  (keep 75%)
  [Attn] heads  6 → 4
  Pruned 36 MLP blocks, 36 Attn blocks

Params:    11,485,585 →    8,742,097  (1.31x reduction)
Size:        98.1 MB  →     87.6 MB  (1.12x reduction)
[FP32]   Memory: 98.08 MB   Params: 11485585
[Pruned] Memory: 87.62 MB   Params: 8742097

--- Pruned evaluation on testsets/classic5 (cuda) ---
[Pruned]   0 baboon                PSNR: 26.95 dB  SSIM: 0.7992
[Pruned]   1 barbara               PSNR: 31.25 dB  SSIM: 0.9020
[Pruned]   2 boats                 PSNR: 31.90 dB  SSIM: 0.8591
[Pruned]   3 lena                  PSNR: 34.59 dB  SSIM: 0.8997
[Pruned]   4 peppers               PSNR: 33.94 dB  SSIM: 0.8599

[Pruned] Avg  PSNR: 31.73 dB  SSIM: 0.8640
[Pruned] Avg  Runtime: 1.022 s/image

--- Quality delta (FP32 → Pruned) ---
  PSNR   : 32.5227 → 31.7254  (Δ = -0.7973 dB)
  SSIM   : 0.8748 → 0.8640  (Δ = -0.0109    )
  RUNTIME: 1.278 s/img → 1.022 s/img  (1.25x faster)
Saved pruned model → model_zoo/swinir_pruned/006_CAR_DFWB_s126w7_SwinIR-M_jpeg20_mlp75_attn4h.pth  (87.7 MB on disk)

Done.
[Sat Mar 14 04:33:53 PM PDT 2026] JPEG quality: 30
/home/yupeng/anaconda3/envs/swinir/lib/python3.12/site-packages/timm/models/layers/__init__.py:49: FutureWarning: Importing from timm.models.layers is deprecated, please import via timm.layers
  warnings.warn(f"Importing from {__name__} is deprecated, please import via timm.layers", FutureWarning)
/home/yupeng/anaconda3/envs/swinir/lib/python3.12/site-packages/torch/functional.py:505: UserWarning: torch.meshgrid: in an upcoming release, it will be required to pass the indexing argument. (Triggered internally at /pytorch/aten/src/ATen/native/TensorShape.cpp:4317.)
  return _VF.meshgrid(tensors, **kwargs)  # type: ignore[attr-defined]

============================================================
  SwinIR Structured Pruning  |  task=jpeg_car  |  MLP=75%+Attn=4heads
============================================================
Loading FP32 model from model_zoo/swinir/006_CAR_DFWB_s126w7_SwinIR-M_jpeg30.pth
FP32 model: 11,485,585 params  |  98.1 MB

--- FP32 Baseline on testsets/classic5 ---
[FP32]   0 baboon                PSNR: 28.55 dB  SSIM: 0.8532
[FP32]   1 barbara               PSNR: 34.94 dB  SSIM: 0.9415
[FP32]   2 boats                 PSNR: 33.84 dB  SSIM: 0.8901
[FP32]   3 lena                  PSNR: 36.23 dB  SSIM: 0.9188
[FP32]   4 peppers               PSNR: 35.13 dB  SSIM: 0.8768

[FP32] Avg  PSNR: 33.74 dB  SSIM: 0.8961
[FP32] Avg  Runtime: 1.181 s/image

--- Applying structured pruning (MLP=75%+Attn=4heads) ---
  [MLP]  hidden 360 → 270  (keep 75%)
  [Attn] heads  6 → 4
  Pruned 36 MLP blocks, 36 Attn blocks

Params:    11,485,585 →    8,742,097  (1.31x reduction)
Size:        98.1 MB  →     87.6 MB  (1.12x reduction)
[FP32]   Memory: 98.08 MB   Params: 11485585
[Pruned] Memory: 87.62 MB   Params: 8742097

--- Pruned evaluation on testsets/classic5 (cuda) ---
[Pruned]   0 baboon                PSNR: 28.06 dB  SSIM: 0.8369
[Pruned]   1 barbara               PSNR: 33.18 dB  SSIM: 0.9256
[Pruned]   2 boats                 PSNR: 33.16 dB  SSIM: 0.8792
[Pruned]   3 lena                  PSNR: 35.65 dB  SSIM: 0.9113
[Pruned]   4 peppers               PSNR: 34.75 dB  SSIM: 0.8707

[Pruned] Avg  PSNR: 32.96 dB  SSIM: 0.8847
[Pruned] Avg  Runtime: 0.982 s/image

--- Quality delta (FP32 → Pruned) ---
  PSNR   : 33.7364 → 32.9614  (Δ = -0.7750 dB)
  SSIM   : 0.8961 → 0.8847  (Δ = -0.0114    )
  RUNTIME: 1.181 s/img → 0.982 s/img  (1.20x faster)
Saved pruned model → model_zoo/swinir_pruned/006_CAR_DFWB_s126w7_SwinIR-M_jpeg30_mlp75_attn4h.pth  (87.7 MB on disk)

Done.
[Sat Mar 14 04:34:11 PM PDT 2026] JPEG quality: 40
/home/yupeng/anaconda3/envs/swinir/lib/python3.12/site-packages/timm/models/layers/__init__.py:49: FutureWarning: Importing from timm.models.layers is deprecated, please import via timm.layers
  warnings.warn(f"Importing from {__name__} is deprecated, please import via timm.layers", FutureWarning)
/home/yupeng/anaconda3/envs/swinir/lib/python3.12/site-packages/torch/functional.py:505: UserWarning: torch.meshgrid: in an upcoming release, it will be required to pass the indexing argument. (Triggered internally at /pytorch/aten/src/ATen/native/TensorShape.cpp:4317.)
  return _VF.meshgrid(tensors, **kwargs)  # type: ignore[attr-defined]

============================================================
  SwinIR Structured Pruning  |  task=jpeg_car  |  MLP=75%+Attn=4heads
============================================================
Loading FP32 model from model_zoo/swinir/006_CAR_DFWB_s126w7_SwinIR-M_jpeg40.pth
FP32 model: 11,485,585 params  |  98.1 MB

--- FP32 Baseline on testsets/classic5 ---
[FP32]   0 baboon                PSNR: 29.49 dB  SSIM: 0.8785
[FP32]   1 barbara               PSNR: 35.94 dB  SSIM: 0.9498
[FP32]   2 boats                 PSNR: 34.60 dB  SSIM: 0.9002
[FP32]   3 lena                  PSNR: 36.95 dB  SSIM: 0.9276
[FP32]   4 peppers               PSNR: 35.63 dB  SSIM: 0.8851

[FP32] Avg  PSNR: 34.52 dB  SSIM: 0.9082
[FP32] Avg  Runtime: 1.114 s/image

--- Applying structured pruning (MLP=75%+Attn=4heads) ---
  [MLP]  hidden 360 → 270  (keep 75%)
  [Attn] heads  6 → 4
  Pruned 36 MLP blocks, 36 Attn blocks

Params:    11,485,585 →    8,742,097  (1.31x reduction)
Size:        98.1 MB  →     87.6 MB  (1.12x reduction)
[FP32]   Memory: 98.08 MB   Params: 11485585
[Pruned] Memory: 87.62 MB   Params: 8742097

--- Pruned evaluation on testsets/classic5 (cuda) ---
[Pruned]   0 baboon                PSNR: 28.98 dB  SSIM: 0.8701
[Pruned]   1 barbara               PSNR: 34.44 dB  SSIM: 0.9403
[Pruned]   2 boats                 PSNR: 33.96 dB  SSIM: 0.8947
[Pruned]   3 lena                  PSNR: 36.37 dB  SSIM: 0.9225
[Pruned]   4 peppers               PSNR: 35.32 dB  SSIM: 0.8818

[Pruned] Avg  PSNR: 33.81 dB  SSIM: 0.9019
[Pruned] Avg  Runtime: 0.861 s/image

--- Quality delta (FP32 → Pruned) ---
  PSNR   : 34.5218 → 33.8140  (Δ = -0.7078 dB)
  SSIM   : 0.9082 → 0.9019  (Δ = -0.0064    )
  RUNTIME: 1.114 s/img → 0.861 s/img  (1.29x faster)
Saved pruned model → model_zoo/swinir_pruned/006_CAR_DFWB_s126w7_SwinIR-M_jpeg40_mlp75_attn4h.pth  (87.7 MB on disk)

Done.
